<?xml version="1.0" encoding="UTF-8"?>
<!-- Generated by org.testng.reporters.JUnitReportReporter -->
<testsuite skipped="0" hostname="LAP-KARTHIGA" name="com.dsalgo.testcases.TC_Stack_005" tests="3" failures="0" timestamp="2022-05-21T17:42:24 CDT" time="67.531" errors="0">
  <testcase name="linkOperationsTest" time="34.404" classname="com.dsalgo.testcases.TC_Stack_005"/>
  <system-out/>
  <testcase name="implementationTest" time="16.554" classname="com.dsalgo.testcases.TC_Stack_005"/>
  <system-out/>
  <testcase name="applicationsTest" time="16.573" classname="com.dsalgo.testcases.TC_Stack_005"/>
  <system-out/>
</testsuite> <!-- com.dsalgo.testcases.TC_Stack_005 -->
