<?xml version="1.0" encoding="UTF-8"?>
<!-- Generated by org.testng.reporters.JUnitReportReporter -->
<testsuite hostname="LAP-KARTHIGA" failures="0" tests="2" name="com.dsalgo.testcases.TC_EditorPage_004" time="54.170" errors="0" timestamp="2022-05-18T14:34:17 CDT" skipped="0">
  <testcase classname="com.dsalgo.testcases.TC_EditorPage_004" name="runEditorCodeAndVerify" time="25.399"/>
  <system-out/>
  <testcase classname="com.dsalgo.testcases.TC_EditorPage_004" name="runAndVerifyAlert" time="28.771"/>
  <system-out/>
</testsuite> <!-- com.dsalgo.testcases.TC_EditorPage_004 -->
