<?xml version="1.0" encoding="UTF-8"?>
<!-- Generated by org.testng.reporters.JUnitReportReporter -->
<testsuite skipped="0" hostname="LAP-KARTHIGA" name="com.dsalgo.testcases.TC_Stack_006" tests="1" failures="0" timestamp="2022-05-22T18:42:26 CDT" time="81.233" errors="0">
  <testcase name="linkStackTest" time="81.233" classname="com.dsalgo.testcases.TC_Stack_006"/>
  <system-out/>
</testsuite> <!-- com.dsalgo.testcases.TC_Stack_006 -->
