<?xml version="1.0" encoding="UTF-8"?>
<!-- Generated by org.testng.reporters.JUnitReportReporter -->
<testsuite hostname="LAP-KARTHIGA" failures="0" tests="7" name="com.dsalgo.testcases.TC_LinkedList_003" time="207.363" errors="0" timestamp="2022-05-17T09:46:21 CDT" skipped="0">
  <testcase classname="com.dsalgo.testcases.TC_LinkedList_003" name="linkedListTest" time="46.562"/>
  <system-out/>
  <testcase classname="com.dsalgo.testcases.TC_LinkedList_003" name="createLinkedList" time="30.799"/>
  <system-out/>
  <testcase classname="com.dsalgo.testcases.TC_LinkedList_003" name="typeOfLinkedList" time="26.621"/>
  <system-out/>
  <testcase classname="com.dsalgo.testcases.TC_LinkedList_003" name="implementLinkedList" time="25.730"/>
  <system-out/>
  <testcase classname="com.dsalgo.testcases.TC_LinkedList_003" name="traversal" time="25.819"/>
  <system-out/>
  <testcase classname="com.dsalgo.testcases.TC_LinkedList_003" name="insertion" time="25.894"/>
  <system-out/>
  <testcase classname="com.dsalgo.testcases.TC_LinkedList_003" name="deletion" time="25.938"/>
  <system-out/>
</testsuite> <!-- com.dsalgo.testcases.TC_LinkedList_003 -->
